<?xml version="1.0" encoding="UTF-8"?>
<!-- Generated by org.testng.reporters.JUnitXMLReporter -->
<testsuite hostname="DESKTOP-C595T5H" ignored="0" name="Test" tests="6" failures="0" timestamp="19 Jul 2019 16:30:14 GMT" time="0.101" errors="0">
  <testcase name="BrowserAutomation" time="0.019" classname="qaclickacademy.SeleniumTest"/>
  <testcase name="elementsUi" time="0.002" classname="qaclickacademy.SeleniumTest"/>
  <testcase name="deleteTwitter" time="0.006" classname="qaclickacademy.RESTAPITest"/>
  <testcase name="postJira" time="0.002" classname="qaclickacademy.RESTAPITest"/>
  <testcase name="IOSApps" time="0.003" classname="qaclickacademy.AppiumTest"/>
  <testcase name="nativeappAndroid" time="0.002" classname="qaclickacademy.AppiumTest"/>
</testsuite> <!-- Test -->
