<?xml version="1.0" encoding="UTF-8"?>
<testng-results skipped="0" failed="0" ignored="0" total="6" passed="6">
  <reporter-output>
  </reporter-output>
  <suite name="Suite" duration-ms="90" started-at="2019-07-19T16:30:14Z" finished-at="2019-07-19T16:30:14Z">
    <groups>
    </groups>
    <test name="Test" duration-ms="90" started-at="2019-07-19T16:30:14Z" finished-at="2019-07-19T16:30:14Z">
      <class name="qaclickacademy.AppiumTest">
        <test-method status="PASS" signature="IOSApps()[pri:0, instance:qaclickacademy.AppiumTest@31ef45e3]" name="IOSApps" duration-ms="3" started-at="2019-07-19T16:30:14Z" finished-at="2019-07-19T16:30:14Z">
          <reporter-output>
          </reporter-output>
        </test-method> <!-- IOSApps -->
        <test-method status="PASS" signature="nativeappAndroid()[pri:0, instance:qaclickacademy.AppiumTest@31ef45e3]" name="nativeappAndroid" duration-ms="0" started-at="2019-07-19T16:30:14Z" finished-at="2019-07-19T16:30:14Z">
          <reporter-output>
          </reporter-output>
        </test-method> <!-- nativeappAndroid -->
      </class> <!-- qaclickacademy.AppiumTest -->
      <class name="qaclickacademy.RESTAPITest">
        <test-method status="PASS" signature="deleteTwitter()[pri:0, instance:qaclickacademy.RESTAPITest@57fffcd7]" name="deleteTwitter" duration-ms="2" started-at="2019-07-19T16:30:14Z" finished-at="2019-07-19T16:30:14Z">
          <reporter-output>
          </reporter-output>
        </test-method> <!-- deleteTwitter -->
        <test-method status="PASS" signature="postJira()[pri:0, instance:qaclickacademy.RESTAPITest@57fffcd7]" name="postJira" duration-ms="1" started-at="2019-07-19T16:30:14Z" finished-at="2019-07-19T16:30:14Z">
          <reporter-output>
          </reporter-output>
        </test-method> <!-- postJira -->
      </class> <!-- qaclickacademy.RESTAPITest -->
      <class name="qaclickacademy.SeleniumTest">
        <test-method status="PASS" signature="BrowserAutomation()[pri:0, instance:qaclickacademy.SeleniumTest@3abbfa04]" name="BrowserAutomation" duration-ms="16" started-at="2019-07-19T16:30:14Z" finished-at="2019-07-19T16:30:14Z">
          <reporter-output>
          </reporter-output>
        </test-method> <!-- BrowserAutomation -->
        <test-method status="PASS" signature="elementsUi()[pri:0, instance:qaclickacademy.SeleniumTest@3abbfa04]" name="elementsUi" duration-ms="2" started-at="2019-07-19T16:30:14Z" finished-at="2019-07-19T16:30:14Z">
          <reporter-output>
          </reporter-output>
        </test-method> <!-- elementsUi -->
      </class> <!-- qaclickacademy.SeleniumTest -->
    </test> <!-- Test -->
  </suite> <!-- Suite -->
</testng-results>
